2020-09-17 22:52:13.899  INFO 4784 --- [restartedMain] tom.EducatorApplication                  : Starting EducatorApplication on TOM with PID 4784 (E:\MyPrograms\JavaWeb\Educator\target\classes started by 李旭东 in E:\MyPrograms\JavaWeb\Educator)
2020-09-17 22:52:13.899  INFO 4784 --- [restartedMain] tom.EducatorApplication                  : No active profile set, falling back to default profiles: default
2020-09-17 22:52:13.963  INFO 4784 --- [restartedMain] .e.DevToolsPropertyDefaultsPostProcessor : Devtools property defaults active! Set 'spring.devtools.add-properties' to 'false' to disable
2020-09-17 22:52:13.963  INFO 4784 --- [restartedMain] .e.DevToolsPropertyDefaultsPostProcessor : For additional web related logging consider setting the 'logging.level.web' property to 'DEBUG'
2020-09-17 22:52:14.891  INFO 4784 --- [restartedMain] .s.d.r.c.RepositoryConfigurationDelegate : Multiple Spring Data modules found, entering strict repository configuration mode!
2020-09-17 22:52:14.891  INFO 4784 --- [restartedMain] .s.d.r.c.RepositoryConfigurationDelegate : Bootstrapping Spring Data MongoDB repositories in DEFAULT mode.
2020-09-17 22:52:15.002  INFO 4784 --- [restartedMain] .s.d.r.c.RepositoryConfigurationDelegate : Finished Spring Data repository scanning in 92ms. Found 4 MongoDB repository interfaces.
2020-09-17 22:52:15.018  INFO 4784 --- [restartedMain] .s.d.r.c.RepositoryConfigurationDelegate : Multiple Spring Data modules found, entering strict repository configuration mode!
2020-09-17 22:52:15.018  INFO 4784 --- [restartedMain] .s.d.r.c.RepositoryConfigurationDelegate : Bootstrapping Spring Data Redis repositories in DEFAULT mode.
2020-09-17 22:52:15.034  INFO 4784 --- [restartedMain] .RepositoryConfigurationExtensionSupport : Spring Data Redis - Could not safely identify store assignment for repository candidate interface tom.DAO.ClassRepository. If you want this repository to be a Redis repository, consider annotating your entities with one of these annotations: org.springframework.data.redis.core.RedisHash (preferred), or consider extending one of the following types with your repository: org.springframework.data.keyvalue.repository.KeyValueRepository.
2020-09-17 22:52:15.034  INFO 4784 --- [restartedMain] .RepositoryConfigurationExtensionSupport : Spring Data Redis - Could not safely identify store assignment for repository candidate interface tom.DAO.ResetRepository. If you want this repository to be a Redis repository, consider annotating your entities with one of these annotations: org.springframework.data.redis.core.RedisHash (preferred), or consider extending one of the following types with your repository: org.springframework.data.keyvalue.repository.KeyValueRepository.
2020-09-17 22:52:15.034  INFO 4784 --- [restartedMain] .RepositoryConfigurationExtensionSupport : Spring Data Redis - Could not safely identify store assignment for repository candidate interface tom.DAO.SchoolRepository. If you want this repository to be a Redis repository, consider annotating your entities with one of these annotations: org.springframework.data.redis.core.RedisHash (preferred), or consider extending one of the following types with your repository: org.springframework.data.keyvalue.repository.KeyValueRepository.
2020-09-17 22:52:15.034  INFO 4784 --- [restartedMain] .RepositoryConfigurationExtensionSupport : Spring Data Redis - Could not safely identify store assignment for repository candidate interface tom.DAO.StudentRepository. If you want this repository to be a Redis repository, consider annotating your entities with one of these annotations: org.springframework.data.redis.core.RedisHash (preferred), or consider extending one of the following types with your repository: org.springframework.data.keyvalue.repository.KeyValueRepository.
2020-09-17 22:52:15.034  INFO 4784 --- [restartedMain] .s.d.r.c.RepositoryConfigurationDelegate : Finished Spring Data repository scanning in 13ms. Found 0 Redis repository interfaces.
2020-09-17 22:52:37.667  INFO 6236 --- [restartedMain] tom.EducatorApplication                  : Starting EducatorApplication on TOM with PID 6236 (E:\MyPrograms\JavaWeb\Educator\target\classes started by 李旭东 in E:\MyPrograms\JavaWeb\Educator)
2020-09-17 22:52:37.672  INFO 6236 --- [restartedMain] tom.EducatorApplication                  : No active profile set, falling back to default profiles: default
2020-09-17 22:52:37.770  INFO 6236 --- [restartedMain] .e.DevToolsPropertyDefaultsPostProcessor : Devtools property defaults active! Set 'spring.devtools.add-properties' to 'false' to disable
2020-09-17 22:52:37.771  INFO 6236 --- [restartedMain] .e.DevToolsPropertyDefaultsPostProcessor : For additional web related logging consider setting the 'logging.level.web' property to 'DEBUG'
2020-09-17 22:52:38.497  INFO 6236 --- [restartedMain] .s.d.r.c.RepositoryConfigurationDelegate : Multiple Spring Data modules found, entering strict repository configuration mode!
2020-09-17 22:52:38.498  INFO 6236 --- [restartedMain] .s.d.r.c.RepositoryConfigurationDelegate : Bootstrapping Spring Data MongoDB repositories in DEFAULT mode.
2020-09-17 22:52:38.576  INFO 6236 --- [restartedMain] .s.d.r.c.RepositoryConfigurationDelegate : Finished Spring Data repository scanning in 75ms. Found 4 MongoDB repository interfaces.
2020-09-17 22:52:38.591  INFO 6236 --- [restartedMain] .s.d.r.c.RepositoryConfigurationDelegate : Multiple Spring Data modules found, entering strict repository configuration mode!
2020-09-17 22:52:38.592  INFO 6236 --- [restartedMain] .s.d.r.c.RepositoryConfigurationDelegate : Bootstrapping Spring Data Redis repositories in DEFAULT mode.
2020-09-17 22:52:38.608  INFO 6236 --- [restartedMain] .RepositoryConfigurationExtensionSupport : Spring Data Redis - Could not safely identify store assignment for repository candidate interface tom.DAO.ClassRepository. If you want this repository to be a Redis repository, consider annotating your entities with one of these annotations: org.springframework.data.redis.core.RedisHash (preferred), or consider extending one of the following types with your repository: org.springframework.data.keyvalue.repository.KeyValueRepository.
2020-09-17 22:52:38.609  INFO 6236 --- [restartedMain] .RepositoryConfigurationExtensionSupport : Spring Data Redis - Could not safely identify store assignment for repository candidate interface tom.DAO.ResetRepository. If you want this repository to be a Redis repository, consider annotating your entities with one of these annotations: org.springframework.data.redis.core.RedisHash (preferred), or consider extending one of the following types with your repository: org.springframework.data.keyvalue.repository.KeyValueRepository.
2020-09-17 22:52:38.612  INFO 6236 --- [restartedMain] .RepositoryConfigurationExtensionSupport : Spring Data Redis - Could not safely identify store assignment for repository candidate interface tom.DAO.SchoolRepository. If you want this repository to be a Redis repository, consider annotating your entities with one of these annotations: org.springframework.data.redis.core.RedisHash (preferred), or consider extending one of the following types with your repository: org.springframework.data.keyvalue.repository.KeyValueRepository.
2020-09-17 22:52:38.613  INFO 6236 --- [restartedMain] .RepositoryConfigurationExtensionSupport : Spring Data Redis - Could not safely identify store assignment for repository candidate interface tom.DAO.StudentRepository. If you want this repository to be a Redis repository, consider annotating your entities with one of these annotations: org.springframework.data.redis.core.RedisHash (preferred), or consider extending one of the following types with your repository: org.springframework.data.keyvalue.repository.KeyValueRepository.
2020-09-17 22:52:38.614  INFO 6236 --- [restartedMain] .s.d.r.c.RepositoryConfigurationDelegate : Finished Spring Data repository scanning in 14ms. Found 0 Redis repository interfaces.
2020-09-17 22:52:39.114  INFO 6236 --- [restartedMain] o.s.b.w.embedded.tomcat.TomcatWebServer  : Tomcat initialized with port(s): 8080 (http)
2020-09-17 22:52:39.125  INFO 6236 --- [restartedMain] o.apache.catalina.core.StandardService   : Starting service [Tomcat]
2020-09-17 22:52:39.126  INFO 6236 --- [restartedMain] org.apache.catalina.core.StandardEngine  : Starting Servlet engine: [Apache Tomcat/9.0.37]
2020-09-17 22:52:39.194  INFO 6236 --- [restartedMain] o.a.c.c.C.[Tomcat].[localhost].[/]       : Initializing Spring embedded WebApplicationContext
2020-09-17 22:52:39.194  INFO 6236 --- [restartedMain] w.s.c.ServletWebServerApplicationContext : Root WebApplicationContext: initialization completed in 1423 ms
2020-09-17 22:52:39.348  INFO 6236 --- [restartedMain] org.mongodb.driver.cluster               : Cluster created with settings {hosts=[localhost:27017], mode=SINGLE, requiredClusterType=UNKNOWN, serverSelectionTimeout='30000 ms'}
2020-09-17 22:52:39.394  INFO 6236 --- [cluster-ClusterId{value='5f63783765c59811cba5b3a3', description='null'}-localhost:27017] org.mongodb.driver.connection            : Opened connection [connectionId{localValue:1, serverValue:1}] to localhost:27017
2020-09-17 22:52:39.401  INFO 6236 --- [cluster-ClusterId{value='5f63783765c59811cba5b3a3', description='null'}-localhost:27017] org.mongodb.driver.cluster               : Monitor thread successfully connected to server with description ServerDescription{address=localhost:27017, type=STANDALONE, state=CONNECTED, ok=true, minWireVersion=0, maxWireVersion=8, maxDocumentSize=16777216, logicalSessionTimeoutMinutes=30, roundTripTimeNanos=3848891}
2020-09-17 22:52:39.568  INFO 6236 --- [restartedMain] o.s.b.d.a.OptionalLiveReloadServer       : LiveReload server is running on port 35729
2020-09-17 22:52:39.712  INFO 6236 --- [restartedMain] f.a.AutowiredAnnotationBeanPostProcessor : Autowired annotation is not supported on static fields: static tom.DAO.ResetRepository tom.service.ResetService_Impl.resetRepository
2020-09-17 22:52:39.880  INFO 6236 --- [restartedMain] o.s.s.concurrent.ThreadPoolTaskExecutor  : Initializing ExecutorService 'applicationTaskExecutor'
2020-09-17 22:52:39.937  INFO 6236 --- [restartedMain] o.s.b.a.w.s.WelcomePageHandlerMapping    : Adding welcome page template: index
2020-09-17 22:52:40.354  INFO 6236 --- [restartedMain] o.s.b.w.embedded.tomcat.TomcatWebServer  : Tomcat started on port(s): 8080 (http) with context path ''
2020-09-17 22:52:40.366  INFO 6236 --- [restartedMain] tom.EducatorApplication                  : Started EducatorApplication in 3.291 seconds (JVM running for 4.673)
2020-09-17 22:53:19.607  INFO 6236 --- [http-nio-8080-exec-1] o.a.c.c.C.[Tomcat].[localhost].[/]       : Initializing Spring DispatcherServlet 'dispatcherServlet'
2020-09-17 22:53:19.607  INFO 6236 --- [http-nio-8080-exec-1] o.s.web.servlet.DispatcherServlet        : Initializing Servlet 'dispatcherServlet'
2020-09-17 22:53:19.616  INFO 6236 --- [http-nio-8080-exec-1] o.s.web.servlet.DispatcherServlet        : Completed initialization in 9 ms
2020-09-17 22:53:38.655  WARN 6236 --- [http-nio-8080-exec-4] o.a.c.util.SessionIdGeneratorBase        : Creation of SecureRandom instance for session ID generation using [SHA1PRNG] took [143] milliseconds.
2020-09-17 22:53:38.717  INFO 6236 --- [http-nio-8080-exec-4] org.mongodb.driver.connection            : Opened connection [connectionId{localValue:2, serverValue:5}] to localhost:27017
2020-09-17 23:02:04.183  INFO 6236 --- [Thread-4] o.s.s.concurrent.ThreadPoolTaskExecutor  : Shutting down ExecutorService 'applicationTaskExecutor'
2020-09-17 23:02:04.187  INFO 6236 --- [Thread-4] org.mongodb.driver.connection            : Closed connection [connectionId{localValue:2, serverValue:5}] to localhost:27017 because the pool has been closed.
2020-09-17 23:02:04.298  INFO 6236 --- [restartedMain] tom.EducatorApplication                  : Starting EducatorApplication on TOM with PID 6236 (E:\MyPrograms\JavaWeb\Educator\target\classes started by 李旭东 in E:\MyPrograms\JavaWeb\Educator)
2020-09-17 23:02:04.299  INFO 6236 --- [restartedMain] tom.EducatorApplication                  : No active profile set, falling back to default profiles: default
2020-09-17 23:02:04.560  INFO 6236 --- [restartedMain] .s.d.r.c.RepositoryConfigurationDelegate : Multiple Spring Data modules found, entering strict repository configuration mode!
2020-09-17 23:02:04.561  INFO 6236 --- [restartedMain] .s.d.r.c.RepositoryConfigurationDelegate : Bootstrapping Spring Data MongoDB repositories in DEFAULT mode.
2020-09-17 23:02:04.593  INFO 6236 --- [restartedMain] .s.d.r.c.RepositoryConfigurationDelegate : Finished Spring Data repository scanning in 31ms. Found 4 MongoDB repository interfaces.
2020-09-17 23:02:04.599  INFO 6236 --- [restartedMain] .s.d.r.c.RepositoryConfigurationDelegate : Multiple Spring Data modules found, entering strict repository configuration mode!
2020-09-17 23:02:04.599  INFO 6236 --- [restartedMain] .s.d.r.c.RepositoryConfigurationDelegate : Bootstrapping Spring Data Redis repositories in DEFAULT mode.
2020-09-17 23:02:04.608  INFO 6236 --- [restartedMain] .RepositoryConfigurationExtensionSupport : Spring Data Redis - Could not safely identify store assignment for repository candidate interface tom.DAO.ClassRepository. If you want this repository to be a Redis repository, consider annotating your entities with one of these annotations: org.springframework.data.redis.core.RedisHash (preferred), or consider extending one of the following types with your repository: org.springframework.data.keyvalue.repository.KeyValueRepository.
2020-09-17 23:02:04.609  INFO 6236 --- [restartedMain] .RepositoryConfigurationExtensionSupport : Spring Data Redis - Could not safely identify store assignment for repository candidate interface tom.DAO.ResetRepository. If you want this repository to be a Redis repository, consider annotating your entities with one of these annotations: org.springframework.data.redis.core.RedisHash (preferred), or consider extending one of the following types with your repository: org.springframework.data.keyvalue.repository.KeyValueRepository.
2020-09-17 23:02:04.609  INFO 6236 --- [restartedMain] .RepositoryConfigurationExtensionSupport : Spring Data Redis - Could not safely identify store assignment for repository candidate interface tom.DAO.SchoolRepository. If you want this repository to be a Redis repository, consider annotating your entities with one of these annotations: org.springframework.data.redis.core.RedisHash (preferred), or consider extending one of the following types with your repository: org.springframework.data.keyvalue.repository.KeyValueRepository.
2020-09-17 23:02:04.610  INFO 6236 --- [restartedMain] .RepositoryConfigurationExtensionSupport : Spring Data Redis - Could not safely identify store assignment for repository candidate interface tom.DAO.StudentRepository. If you want this repository to be a Redis repository, consider annotating your entities with one of these annotations: org.springframework.data.redis.core.RedisHash (preferred), or consider extending one of the following types with your repository: org.springframework.data.keyvalue.repository.KeyValueRepository.
2020-09-17 23:02:04.610  INFO 6236 --- [restartedMain] .s.d.r.c.RepositoryConfigurationDelegate : Finished Spring Data repository scanning in 10ms. Found 0 Redis repository interfaces.
2020-09-17 23:02:04.761  INFO 6236 --- [restartedMain] o.s.b.w.embedded.tomcat.TomcatWebServer  : Tomcat initialized with port(s): 8080 (http)
2020-09-17 23:02:04.773  INFO 6236 --- [restartedMain] o.apache.catalina.core.StandardService   : Starting service [Tomcat]
2020-09-17 23:02:04.774  INFO 6236 --- [restartedMain] org.apache.catalina.core.StandardEngine  : Starting Servlet engine: [Apache Tomcat/9.0.37]
2020-09-17 23:02:04.808  INFO 6236 --- [restartedMain] o.a.c.c.C.[Tomcat].[localhost].[/]       : Initializing Spring embedded WebApplicationContext
2020-09-17 23:02:04.809  INFO 6236 --- [restartedMain] w.s.c.ServletWebServerApplicationContext : Root WebApplicationContext: initialization completed in 505 ms
2020-09-17 23:02:04.863  INFO 6236 --- [restartedMain] org.mongodb.driver.cluster               : Cluster created with settings {hosts=[localhost:27017], mode=SINGLE, requiredClusterType=UNKNOWN, serverSelectionTimeout='30000 ms'}
2020-09-17 23:02:04.920  INFO 6236 --- [cluster-ClusterId{value='5f637a6c65c59811cba5b3a4', description='null'}-localhost:27017] org.mongodb.driver.connection            : Opened connection [connectionId{localValue:3, serverValue:6}] to localhost:27017
2020-09-17 23:02:04.923  INFO 6236 --- [cluster-ClusterId{value='5f637a6c65c59811cba5b3a4', description='null'}-localhost:27017] org.mongodb.driver.cluster               : Monitor thread successfully connected to server with description ServerDescription{address=localhost:27017, type=STANDALONE, state=CONNECTED, ok=true, minWireVersion=0, maxWireVersion=8, maxDocumentSize=16777216, logicalSessionTimeoutMinutes=30, roundTripTimeNanos=729293}
2020-09-17 23:02:04.943  INFO 6236 --- [restartedMain] o.s.b.d.a.OptionalLiveReloadServer       : LiveReload server is running on port 35729
2020-09-17 23:02:05.036  INFO 6236 --- [restartedMain] f.a.AutowiredAnnotationBeanPostProcessor : Autowired annotation is not supported on static fields: static tom.DAO.ResetRepository tom.service.ResetService_Impl.resetRepository
2020-09-17 23:02:05.141  INFO 6236 --- [restartedMain] o.s.s.concurrent.ThreadPoolTaskExecutor  : Initializing ExecutorService 'applicationTaskExecutor'
2020-09-17 23:02:05.167  INFO 6236 --- [restartedMain] o.s.b.a.w.s.WelcomePageHandlerMapping    : Adding welcome page template: index
2020-09-17 23:02:05.276  INFO 6236 --- [restartedMain] o.s.b.w.embedded.tomcat.TomcatWebServer  : Tomcat started on port(s): 8080 (http) with context path ''
2020-09-17 23:02:05.284  INFO 6236 --- [restartedMain] tom.EducatorApplication                  : Started EducatorApplication in 1.027 seconds (JVM running for 569.59)
2020-09-17 23:02:05.286  INFO 6236 --- [restartedMain] .ConditionEvaluationDeltaLoggingListener : Condition evaluation unchanged
2020-09-17 23:02:30.333  INFO 6496 --- [restartedMain] tom.EducatorApplication                  : Starting EducatorApplication on TOM with PID 6496 (E:\MyPrograms\JavaWeb\Educator\target\classes started by 李旭东 in E:\MyPrograms\JavaWeb\Educator)
2020-09-17 23:02:30.343  INFO 6496 --- [restartedMain] tom.EducatorApplication                  : No active profile set, falling back to default profiles: default
2020-09-17 23:02:30.419  INFO 6496 --- [restartedMain] .e.DevToolsPropertyDefaultsPostProcessor : Devtools property defaults active! Set 'spring.devtools.add-properties' to 'false' to disable
2020-09-17 23:02:30.419  INFO 6496 --- [restartedMain] .e.DevToolsPropertyDefaultsPostProcessor : For additional web related logging consider setting the 'logging.level.web' property to 'DEBUG'
2020-09-17 23:02:31.078  INFO 6496 --- [restartedMain] .s.d.r.c.RepositoryConfigurationDelegate : Multiple Spring Data modules found, entering strict repository configuration mode!
2020-09-17 23:02:31.078  INFO 6496 --- [restartedMain] .s.d.r.c.RepositoryConfigurationDelegate : Bootstrapping Spring Data MongoDB repositories in DEFAULT mode.
2020-09-17 23:02:31.153  INFO 6496 --- [restartedMain] .s.d.r.c.RepositoryConfigurationDelegate : Finished Spring Data repository scanning in 71ms. Found 4 MongoDB repository interfaces.
2020-09-17 23:02:31.167  INFO 6496 --- [restartedMain] .s.d.r.c.RepositoryConfigurationDelegate : Multiple Spring Data modules found, entering strict repository configuration mode!
2020-09-17 23:02:31.168  INFO 6496 --- [restartedMain] .s.d.r.c.RepositoryConfigurationDelegate : Bootstrapping Spring Data Redis repositories in DEFAULT mode.
2020-09-17 23:02:31.180  INFO 6496 --- [restartedMain] .RepositoryConfigurationExtensionSupport : Spring Data Redis - Could not safely identify store assignment for repository candidate interface tom.DAO.ClassRepository. If you want this repository to be a Redis repository, consider annotating your entities with one of these annotations: org.springframework.data.redis.core.RedisHash (preferred), or consider extending one of the following types with your repository: org.springframework.data.keyvalue.repository.KeyValueRepository.
2020-09-17 23:02:31.181  INFO 6496 --- [restartedMain] .RepositoryConfigurationExtensionSupport : Spring Data Redis - Could not safely identify store assignment for repository candidate interface tom.DAO.ResetRepository. If you want this repository to be a Redis repository, consider annotating your entities with one of these annotations: org.springframework.data.redis.core.RedisHash (preferred), or consider extending one of the following types with your repository: org.springframework.data.keyvalue.repository.KeyValueRepository.
2020-09-17 23:02:31.182  INFO 6496 --- [restartedMain] .RepositoryConfigurationExtensionSupport : Spring Data Redis - Could not safely identify store assignment for repository candidate interface tom.DAO.SchoolRepository. If you want this repository to be a Redis repository, consider annotating your entities with one of these annotations: org.springframework.data.redis.core.RedisHash (preferred), or consider extending one of the following types with your repository: org.springframework.data.keyvalue.repository.KeyValueRepository.
2020-09-17 23:02:31.183  INFO 6496 --- [restartedMain] .RepositoryConfigurationExtensionSupport : Spring Data Redis - Could not safely identify store assignment for repository candidate interface tom.DAO.StudentRepository. If you want this repository to be a Redis repository, consider annotating your entities with one of these annotations: org.springframework.data.redis.core.RedisHash (preferred), or consider extending one of the following types with your repository: org.springframework.data.keyvalue.repository.KeyValueRepository.
2020-09-17 23:02:31.184  INFO 6496 --- [restartedMain] .s.d.r.c.RepositoryConfigurationDelegate : Finished Spring Data repository scanning in 10ms. Found 0 Redis repository interfaces.
2020-09-17 23:02:31.605  INFO 6496 --- [restartedMain] o.s.b.w.embedded.tomcat.TomcatWebServer  : Tomcat initialized with port(s): 8080 (http)
2020-09-17 23:02:31.615  INFO 6496 --- [restartedMain] o.apache.catalina.core.StandardService   : Starting service [Tomcat]
2020-09-17 23:02:31.616  INFO 6496 --- [restartedMain] org.apache.catalina.core.StandardEngine  : Starting Servlet engine: [Apache Tomcat/9.0.37]
2020-09-17 23:02:31.690  INFO 6496 --- [restartedMain] o.a.c.c.C.[Tomcat].[localhost].[/]       : Initializing Spring embedded WebApplicationContext
2020-09-17 23:02:31.691  INFO 6496 --- [restartedMain] w.s.c.ServletWebServerApplicationContext : Root WebApplicationContext: initialization completed in 1271 ms
2020-09-17 23:02:31.792  INFO 6496 --- [restartedMain] org.mongodb.driver.cluster               : Cluster created with settings {hosts=[localhost:27017], mode=SINGLE, requiredClusterType=UNKNOWN, serverSelectionTimeout='30000 ms'}
2020-09-17 23:02:31.831  INFO 6496 --- [cluster-ClusterId{value='5f637a87e5c2553b68d71c4d', description='null'}-localhost:27017] org.mongodb.driver.connection            : Opened connection [connectionId{localValue:1, serverValue:7}] to localhost:27017
2020-09-17 23:02:31.836  INFO 6496 --- [cluster-ClusterId{value='5f637a87e5c2553b68d71c4d', description='null'}-localhost:27017] org.mongodb.driver.cluster               : Monitor thread successfully connected to server with description ServerDescription{address=localhost:27017, type=STANDALONE, state=CONNECTED, ok=true, minWireVersion=0, maxWireVersion=8, maxDocumentSize=16777216, logicalSessionTimeoutMinutes=30, roundTripTimeNanos=2495792}
2020-09-17 23:02:31.946  INFO 6496 --- [restartedMain] o.s.b.d.a.OptionalLiveReloadServer       : LiveReload server is running on port 35729
2020-09-17 23:02:32.096  INFO 6496 --- [restartedMain] f.a.AutowiredAnnotationBeanPostProcessor : Autowired annotation is not supported on static fields: static tom.DAO.ResetRepository tom.service.ResetService_Impl.resetRepository
2020-09-17 23:02:32.249  INFO 6496 --- [restartedMain] o.s.s.concurrent.ThreadPoolTaskExecutor  : Initializing ExecutorService 'applicationTaskExecutor'
2020-09-17 23:02:32.301  INFO 6496 --- [restartedMain] o.s.b.a.w.s.WelcomePageHandlerMapping    : Adding welcome page template: index
2020-09-17 23:02:32.659  INFO 6496 --- [restartedMain] o.s.b.w.embedded.tomcat.TomcatWebServer  : Tomcat started on port(s): 8080 (http) with context path ''
2020-09-17 23:02:32.670  INFO 6496 --- [restartedMain] tom.EducatorApplication                  : Started EducatorApplication in 3.015 seconds (JVM running for 4.336)
2020-09-17 23:02:37.678  INFO 6496 --- [http-nio-8080-exec-1] o.a.c.c.C.[Tomcat].[localhost].[/]       : Initializing Spring DispatcherServlet 'dispatcherServlet'
2020-09-17 23:02:37.678  INFO 6496 --- [http-nio-8080-exec-1] o.s.web.servlet.DispatcherServlet        : Initializing Servlet 'dispatcherServlet'
2020-09-17 23:02:37.684  INFO 6496 --- [http-nio-8080-exec-1] o.s.web.servlet.DispatcherServlet        : Completed initialization in 6 ms
2020-09-17 23:02:46.179  WARN 6496 --- [http-nio-8080-exec-7] o.a.c.util.SessionIdGeneratorBase        : Creation of SecureRandom instance for session ID generation using [SHA1PRNG] took [133] milliseconds.
2020-09-17 23:02:46.225  INFO 6496 --- [http-nio-8080-exec-7] org.mongodb.driver.connection            : Opened connection [connectionId{localValue:2, serverValue:8}] to localhost:27017
